I, [2019-03-12T23:51:25.855248 #5911]  INFO -- Kitchen: -----> Starting Kitchen (v1.24.0)
E, [2019-03-12T23:51:25.855665 #5911] ERROR -- Kitchen: ------Exception-------
E, [2019-03-12T23:51:25.855732 #5911] ERROR -- Kitchen: Class: Kitchen::UserError
E, [2019-03-12T23:51:25.855765 #5911] ERROR -- Kitchen: Message: Kitchen YAML file /home/tfmenard/Github/terraform-google-dataflow/.kitchen.yml does not exist.
E, [2019-03-12T23:51:25.855790 #5911] ERROR -- Kitchen: ----------------------
E, [2019-03-12T23:51:25.855812 #5911] ERROR -- Kitchen: ------Backtrace-------
E, [2019-03-12T23:51:25.855831 #5911] ERROR -- Kitchen: /home/tfmenard/.rbenv/versions/2.5.3/lib/ruby/gems/2.5.0/gems/test-kitchen-1.24.0/lib/kitchen/loader/yaml.rb:65:in `read'
E, [2019-03-12T23:51:25.855854 #5911] ERROR -- Kitchen: /home/tfmenard/.rbenv/versions/2.5.3/lib/ruby/gems/2.5.0/gems/test-kitchen-1.24.0/lib/kitchen/config.rb:152:in `data'
E, [2019-03-12T23:51:25.855877 #5911] ERROR -- Kitchen: /home/tfmenard/.rbenv/versions/2.5.3/lib/ruby/gems/2.5.0/gems/test-kitchen-1.24.0/lib/kitchen/config.rb:131:in `suites'
E, [2019-03-12T23:51:25.855947 #5911] ERROR -- Kitchen: /home/tfmenard/.rbenv/versions/2.5.3/lib/ruby/gems/2.5.0/gems/test-kitchen-1.24.0/lib/kitchen/config.rb:182:in `filter_instances'
E, [2019-03-12T23:51:25.855971 #5911] ERROR -- Kitchen: /home/tfmenard/.rbenv/versions/2.5.3/lib/ruby/gems/2.5.0/gems/test-kitchen-1.24.0/lib/kitchen/config.rb:141:in `build_instances'
E, [2019-03-12T23:51:25.855996 #5911] ERROR -- Kitchen: /home/tfmenard/.rbenv/versions/2.5.3/lib/ruby/gems/2.5.0/gems/test-kitchen-1.24.0/lib/kitchen/config.rb:117:in `instances'
E, [2019-03-12T23:51:25.856022 #5911] ERROR -- Kitchen: /home/tfmenard/.rbenv/versions/2.5.3/lib/ruby/gems/2.5.0/gems/test-kitchen-1.24.0/lib/kitchen/command.rb:112:in `filtered_instances'
E, [2019-03-12T23:51:25.856048 #5911] ERROR -- Kitchen: /home/tfmenard/.rbenv/versions/2.5.3/lib/ruby/gems/2.5.0/gems/test-kitchen-1.24.0/lib/kitchen/command.rb:142:in `parse_subcommand'
E, [2019-03-12T23:51:25.856074 #5911] ERROR -- Kitchen: /home/tfmenard/.rbenv/versions/2.5.3/lib/ruby/gems/2.5.0/gems/test-kitchen-1.24.0/lib/kitchen/command/action.rb:35:in `block in call'
E, [2019-03-12T23:51:25.856098 #5911] ERROR -- Kitchen: /home/tfmenard/.rbenv/versions/2.5.3/lib/ruby/2.5.0/benchmark.rb:293:in `measure'
E, [2019-03-12T23:51:25.856123 #5911] ERROR -- Kitchen: /home/tfmenard/.rbenv/versions/2.5.3/lib/ruby/gems/2.5.0/gems/test-kitchen-1.24.0/lib/kitchen/command/action.rb:34:in `call'
E, [2019-03-12T23:51:25.856149 #5911] ERROR -- Kitchen: /home/tfmenard/.rbenv/versions/2.5.3/lib/ruby/gems/2.5.0/gems/test-kitchen-1.24.0/lib/kitchen/cli.rb:52:in `perform'
E, [2019-03-12T23:51:25.856173 #5911] ERROR -- Kitchen: /home/tfmenard/.rbenv/versions/2.5.3/lib/ruby/gems/2.5.0/gems/test-kitchen-1.24.0/lib/kitchen/cli.rb:193:in `block (2 levels) in <class:CLI>'
E, [2019-03-12T23:51:25.856197 #5911] ERROR -- Kitchen: /home/tfmenard/.rbenv/versions/2.5.3/lib/ruby/gems/2.5.0/gems/thor-0.20.3/lib/thor/command.rb:27:in `run'
E, [2019-03-12T23:51:25.856220 #5911] ERROR -- Kitchen: /home/tfmenard/.rbenv/versions/2.5.3/lib/ruby/gems/2.5.0/gems/thor-0.20.3/lib/thor/invocation.rb:126:in `invoke_command'
E, [2019-03-12T23:51:25.856240 #5911] ERROR -- Kitchen: /home/tfmenard/.rbenv/versions/2.5.3/lib/ruby/gems/2.5.0/gems/thor-0.20.3/lib/thor.rb:387:in `dispatch'
E, [2019-03-12T23:51:25.856256 #5911] ERROR -- Kitchen: /home/tfmenard/.rbenv/versions/2.5.3/lib/ruby/gems/2.5.0/gems/thor-0.20.3/lib/thor/base.rb:466:in `start'
E, [2019-03-12T23:51:25.856271 #5911] ERROR -- Kitchen: /home/tfmenard/.rbenv/versions/2.5.3/lib/ruby/gems/2.5.0/gems/test-kitchen-1.24.0/bin/kitchen:13:in `block in <top (required)>'
E, [2019-03-12T23:51:25.856284 #5911] ERROR -- Kitchen: /home/tfmenard/.rbenv/versions/2.5.3/lib/ruby/gems/2.5.0/gems/test-kitchen-1.24.0/lib/kitchen/errors.rb:171:in `with_friendly_errors'
E, [2019-03-12T23:51:25.856298 #5911] ERROR -- Kitchen: /home/tfmenard/.rbenv/versions/2.5.3/lib/ruby/gems/2.5.0/gems/test-kitchen-1.24.0/bin/kitchen:13:in `<top (required)>'
E, [2019-03-12T23:51:25.856327 #5911] ERROR -- Kitchen: /home/tfmenard/.rbenv/versions/2.5.3/bin/kitchen:23:in `load'
E, [2019-03-12T23:51:25.856343 #5911] ERROR -- Kitchen: /home/tfmenard/.rbenv/versions/2.5.3/bin/kitchen:23:in `<main>'
E, [2019-03-12T23:51:25.856357 #5911] ERROR -- Kitchen: ----End Backtrace-----
